Command line:
   Counter_3_9_TB_isim_beh.exe
     -simmode  gui
     -simrunnum  1
     -socket  2291

Sat Jun 06 11:38:09 2015


 Elaboration Time: 0.0468 sec

 Current Memory Usage: 663.458 Meg

 Total Signals          : 19
 Total Nets             : 22
 Total Signal Drivers   : 10
 Total Blocks           : 5
 Total Primitive Blocks : 4
 Total Processes        : 5
 Total Traceable Variables  : 11
 Total Scalar Nets and Variables : 401
Total Line Count : 46

 Total Simulation Time: 0.530404 sec

 Current Memory Usage: 663.458 Meg

Sat Jun 06 11:43:04 2015

